
*** Running vivado
    with args -log dynamic_scan.vds -m64 -product Vivado -mode batch -messageDb vivado.pb -notrace -source dynamic_scan.tcl


****** Vivado v2019.2 (64-bit)
  **** SW Build 2708876 on Wed Nov  6 21:40:23 MST 2019
  **** IP Build 2700528 on Thu Nov  7 00:09:20 MST 2019
    ** Copyright 1986-2019 Xilinx, Inc. All Rights Reserved.

source dynamic_scan.tcl -notrace
Command: synth_design -top dynamic_scan -part xc7a100tcsg324-1
Starting synth_design
Attempting to get a license for feature 'Synthesis' and/or device 'xc7a100t'
INFO: [Common 17-349] Got license for feature 'Synthesis' and/or device 'xc7a100t'
INFO: [Device 21-403] Loading part xc7a100tcsg324-1
INFO: Launching helper process for spawning children vivado processes
INFO: Helper process launched with PID 4032 
---------------------------------------------------------------------------------
Starting RTL Elaboration : Time (s): cpu = 00:00:03 ; elapsed = 00:00:03 . Memory (MB): peak = 930.113 ; gain = 234.031
---------------------------------------------------------------------------------
INFO: [Synth 8-6157] synthesizing module 'dynamic_scan' [C:/Users/803-113/Downloads/Task3/Task3.srcs/sources_1/new/dynamic_scan.v:2]
INFO: [Synth 8-6157] synthesizing module 'divider' [C:/Users/803-113/Downloads/Task3/Task3.srcs/sources_1/new/divider.v:3]
	Parameter delay bound to: 50000000 - type: integer 
INFO: [Synth 8-6155] done synthesizing module 'divider' (1#1) [C:/Users/803-113/Downloads/Task3/Task3.srcs/sources_1/new/divider.v:3]
INFO: [Synth 8-6157] synthesizing module 'counter' [C:/Users/803-113/Downloads/Task3/Task3.srcs/sources_1/new/counter.v:2]
INFO: [Synth 8-6155] done synthesizing module 'counter' (2#1) [C:/Users/803-113/Downloads/Task3/Task3.srcs/sources_1/new/counter.v:2]
INFO: [Synth 8-6157] synthesizing module 'decoder' [C:/Users/803-113/Downloads/Task3/Task3.srcs/sources_1/new/decoder.v:23]
INFO: [Synth 8-6155] done synthesizing module 'decoder' (3#1) [C:/Users/803-113/Downloads/Task3/Task3.srcs/sources_1/new/decoder.v:23]
INFO: [Synth 8-6157] synthesizing module 'rom' [C:/Users/803-113/Downloads/Task3/Task3.srcs/sources_1/new/rom.v:2]
INFO: [Synth 8-6155] done synthesizing module 'rom' (4#1) [C:/Users/803-113/Downloads/Task3/Task3.srcs/sources_1/new/rom.v:2]
INFO: [Synth 8-6157] synthesizing module 'pattern' [C:/Users/803-113/Downloads/Task3/Task3.srcs/sources_1/new/pattern.v:23]
INFO: [Synth 8-6155] done synthesizing module 'pattern' (5#1) [C:/Users/803-113/Downloads/Task3/Task3.srcs/sources_1/new/pattern.v:23]
INFO: [Synth 8-6155] done synthesizing module 'dynamic_scan' (6#1) [C:/Users/803-113/Downloads/Task3/Task3.srcs/sources_1/new/dynamic_scan.v:2]
---------------------------------------------------------------------------------
Finished RTL Elaboration : Time (s): cpu = 00:00:04 ; elapsed = 00:00:04 . Memory (MB): peak = 1003.148 ; gain = 307.066
---------------------------------------------------------------------------------

Report Check Netlist: 
+------+------------------+-------+---------+-------+------------------+
|      |Item              |Errors |Warnings |Status |Description       |
+------+------------------+-------+---------+-------+------------------+
|1     |multi_driven_nets |      0|        0|Passed |Multi driven nets |
+------+------------------+-------+---------+-------+------------------+
---------------------------------------------------------------------------------
Start Handling Custom Attributes
---------------------------------------------------------------------------------
---------------------------------------------------------------------------------
Finished Handling Custom Attributes : Time (s): cpu = 00:00:04 ; elapsed = 00:00:05 . Memory (MB): peak = 1003.148 ; gain = 307.066
---------------------------------------------------------------------------------
---------------------------------------------------------------------------------
Finished RTL Optimization Phase 1 : Time (s): cpu = 00:00:04 ; elapsed = 00:00:05 . Memory (MB): peak = 1003.148 ; gain = 307.066
---------------------------------------------------------------------------------
Netlist sorting complete. Time (s): cpu = 00:00:00 ; elapsed = 00:00:00.001 . Memory (MB): peak = 1003.148 ; gain = 0.000
INFO: [Project 1-570] Preparing netlist for logic optimization

Processing XDC Constraints
Initializing timing engine
Parsing XDC File [C:/Users/803-113/Downloads/实验1 vivado设计流程/实验1 vivado设计流程/Nexys4DDR_Master.xdc]
WARNING: [Vivado 12-584] No ports matched 'SW[0]'. [C:/Users/803-113/Downloads/实验1 vivado设计流程/实验1 vivado设计流程/Nexys4DDR_Master.xdc:13]
CRITICAL WARNING: [Common 17-55] 'set_property' expects at least one object. [C:/Users/803-113/Downloads/实验1 vivado设计流程/实验1 vivado设计流程/Nexys4DDR_Master.xdc:13]
Resolution: If [get_<value>] was used to populate the object, check to make sure this command returns at least one valid object.
WARNING: [Vivado 12-584] No ports matched 'SW[1]'. [C:/Users/803-113/Downloads/实验1 vivado设计流程/实验1 vivado设计流程/Nexys4DDR_Master.xdc:14]
CRITICAL WARNING: [Common 17-55] 'set_property' expects at least one object. [C:/Users/803-113/Downloads/实验1 vivado设计流程/实验1 vivado设计流程/Nexys4DDR_Master.xdc:14]
Resolution: If [get_<value>] was used to populate the object, check to make sure this command returns at least one valid object.
WARNING: [Vivado 12-584] No ports matched 'SW[2]'. [C:/Users/803-113/Downloads/实验1 vivado设计流程/实验1 vivado设计流程/Nexys4DDR_Master.xdc:15]
CRITICAL WARNING: [Common 17-55] 'set_property' expects at least one object. [C:/Users/803-113/Downloads/实验1 vivado设计流程/实验1 vivado设计流程/Nexys4DDR_Master.xdc:15]
Resolution: If [get_<value>] was used to populate the object, check to make sure this command returns at least one valid object.
WARNING: [Vivado 12-584] No ports matched 'SW[3]'. [C:/Users/803-113/Downloads/实验1 vivado设计流程/实验1 vivado设计流程/Nexys4DDR_Master.xdc:16]
CRITICAL WARNING: [Common 17-55] 'set_property' expects at least one object. [C:/Users/803-113/Downloads/实验1 vivado设计流程/实验1 vivado设计流程/Nexys4DDR_Master.xdc:16]
Resolution: If [get_<value>] was used to populate the object, check to make sure this command returns at least one valid object.
WARNING: [Vivado 12-584] No ports matched 'SW[4]'. [C:/Users/803-113/Downloads/实验1 vivado设计流程/实验1 vivado设计流程/Nexys4DDR_Master.xdc:17]
CRITICAL WARNING: [Common 17-55] 'set_property' expects at least one object. [C:/Users/803-113/Downloads/实验1 vivado设计流程/实验1 vivado设计流程/Nexys4DDR_Master.xdc:17]
Resolution: If [get_<value>] was used to populate the object, check to make sure this command returns at least one valid object.
WARNING: [Vivado 12-584] No ports matched 'SW[5]'. [C:/Users/803-113/Downloads/实验1 vivado设计流程/实验1 vivado设计流程/Nexys4DDR_Master.xdc:18]
CRITICAL WARNING: [Common 17-55] 'set_property' expects at least one object. [C:/Users/803-113/Downloads/实验1 vivado设计流程/实验1 vivado设计流程/Nexys4DDR_Master.xdc:18]
Resolution: If [get_<value>] was used to populate the object, check to make sure this command returns at least one valid object.
WARNING: [Vivado 12-584] No ports matched 'SW[6]'. [C:/Users/803-113/Downloads/实验1 vivado设计流程/实验1 vivado设计流程/Nexys4DDR_Master.xdc:19]
CRITICAL WARNING: [Common 17-55] 'set_property' expects at least one object. [C:/Users/803-113/Downloads/实验1 vivado设计流程/实验1 vivado设计流程/Nexys4DDR_Master.xdc:19]
Resolution: If [get_<value>] was used to populate the object, check to make sure this command returns at least one valid object.
WARNING: [Vivado 12-584] No ports matched 'SW[7]'. [C:/Users/803-113/Downloads/实验1 vivado设计流程/实验1 vivado设计流程/Nexys4DDR_Master.xdc:20]
CRITICAL WARNING: [Common 17-55] 'set_property' expects at least one object. [C:/Users/803-113/Downloads/实验1 vivado设计流程/实验1 vivado设计流程/Nexys4DDR_Master.xdc:20]
Resolution: If [get_<value>] was used to populate the object, check to make sure this command returns at least one valid object.
WARNING: [Vivado 12-584] No ports matched 'SW[8]'. [C:/Users/803-113/Downloads/实验1 vivado设计流程/实验1 vivado设计流程/Nexys4DDR_Master.xdc:21]
CRITICAL WARNING: [Common 17-55] 'set_property' expects at least one object. [C:/Users/803-113/Downloads/实验1 vivado设计流程/实验1 vivado设计流程/Nexys4DDR_Master.xdc:21]
Resolution: If [get_<value>] was used to populate the object, check to make sure this command returns at least one valid object.
WARNING: [Vivado 12-584] No ports matched 'SW[9]'. [C:/Users/803-113/Downloads/实验1 vivado设计流程/实验1 vivado设计流程/Nexys4DDR_Master.xdc:22]
CRITICAL WARNING: [Common 17-55] 'set_property' expects at least one object. [C:/Users/803-113/Downloads/实验1 vivado设计流程/实验1 vivado设计流程/Nexys4DDR_Master.xdc:22]
Resolution: If [get_<value>] was used to populate the object, check to make sure this command returns at least one valid object.
WARNING: [Vivado 12-584] No ports matched 'SW[10]'. [C:/Users/803-113/Downloads/实验1 vivado设计流程/实验1 vivado设计流程/Nexys4DDR_Master.xdc:23]
CRITICAL WARNING: [Common 17-55] 'set_property' expects at least one object. [C:/Users/803-113/Downloads/实验1 vivado设计流程/实验1 vivado设计流程/Nexys4DDR_Master.xdc:23]
Resolution: If [get_<value>] was used to populate the object, check to make sure this command returns at least one valid object.
WARNING: [Vivado 12-584] No ports matched 'SW[11]'. [C:/Users/803-113/Downloads/实验1 vivado设计流程/实验1 vivado设计流程/Nexys4DDR_Master.xdc:24]
CRITICAL WARNING: [Common 17-55] 'set_property' expects at least one object. [C:/Users/803-113/Downloads/实验1 vivado设计流程/实验1 vivado设计流程/Nexys4DDR_Master.xdc:24]
Resolution: If [get_<value>] was used to populate the object, check to make sure this command returns at least one valid object.
WARNING: [Vivado 12-584] No ports matched 'SW[12]'. [C:/Users/803-113/Downloads/实验1 vivado设计流程/实验1 vivado设计流程/Nexys4DDR_Master.xdc:25]
CRITICAL WARNING: [Common 17-55] 'set_property' expects at least one object. [C:/Users/803-113/Downloads/实验1 vivado设计流程/实验1 vivado设计流程/Nexys4DDR_Master.xdc:25]
Resolution: If [get_<value>] was used to populate the object, check to make sure this command returns at least one valid object.
WARNING: [Vivado 12-584] No ports matched 'SW[13]'. [C:/Users/803-113/Downloads/实验1 vivado设计流程/实验1 vivado设计流程/Nexys4DDR_Master.xdc:26]
CRITICAL WARNING: [Common 17-55] 'set_property' expects at least one object. [C:/Users/803-113/Downloads/实验1 vivado设计流程/实验1 vivado设计流程/Nexys4DDR_Master.xdc:26]
Resolution: If [get_<value>] was used to populate the object, check to make sure this command returns at least one valid object.
WARNING: [Vivado 12-584] No ports matched 'SW[14]'. [C:/Users/803-113/Downloads/实验1 vivado设计流程/实验1 vivado设计流程/Nexys4DDR_Master.xdc:27]
CRITICAL WARNING: [Common 17-55] 'set_property' expects at least one object. [C:/Users/803-113/Downloads/实验1 vivado设计流程/实验1 vivado设计流程/Nexys4DDR_Master.xdc:27]
Resolution: If [get_<value>] was used to populate the object, check to make sure this command returns at least one valid object.
WARNING: [Vivado 12-584] No ports matched 'SW[15]'. [C:/Users/803-113/Downloads/实验1 vivado设计流程/实验1 vivado设计流程/Nexys4DDR_Master.xdc:28]
CRITICAL WARNING: [Common 17-55] 'set_property' expects at least one object. [C:/Users/803-113/Downloads/实验1 vivado设计流程/实验1 vivado设计流程/Nexys4DDR_Master.xdc:28]
Resolution: If [get_<value>] was used to populate the object, check to make sure this command returns at least one valid object.
WARNING: [Vivado 12-584] No ports matched 'LED[0]'. [C:/Users/803-113/Downloads/实验1 vivado设计流程/实验1 vivado设计流程/Nexys4DDR_Master.xdc:33]
CRITICAL WARNING: [Common 17-55] 'set_property' expects at least one object. [C:/Users/803-113/Downloads/实验1 vivado设计流程/实验1 vivado设计流程/Nexys4DDR_Master.xdc:33]
Resolution: If [get_<value>] was used to populate the object, check to make sure this command returns at least one valid object.
WARNING: [Vivado 12-584] No ports matched 'LED[1]'. [C:/Users/803-113/Downloads/实验1 vivado设计流程/实验1 vivado设计流程/Nexys4DDR_Master.xdc:34]
CRITICAL WARNING: [Common 17-55] 'set_property' expects at least one object. [C:/Users/803-113/Downloads/实验1 vivado设计流程/实验1 vivado设计流程/Nexys4DDR_Master.xdc:34]
Resolution: If [get_<value>] was used to populate the object, check to make sure this command returns at least one valid object.
WARNING: [Vivado 12-584] No ports matched 'LED[2]'. [C:/Users/803-113/Downloads/实验1 vivado设计流程/实验1 vivado设计流程/Nexys4DDR_Master.xdc:35]
CRITICAL WARNING: [Common 17-55] 'set_property' expects at least one object. [C:/Users/803-113/Downloads/实验1 vivado设计流程/实验1 vivado设计流程/Nexys4DDR_Master.xdc:35]
Resolution: If [get_<value>] was used to populate the object, check to make sure this command returns at least one valid object.
WARNING: [Vivado 12-584] No ports matched 'LED[3]'. [C:/Users/803-113/Downloads/实验1 vivado设计流程/实验1 vivado设计流程/Nexys4DDR_Master.xdc:36]
CRITICAL WARNING: [Common 17-55] 'set_property' expects at least one object. [C:/Users/803-113/Downloads/实验1 vivado设计流程/实验1 vivado设计流程/Nexys4DDR_Master.xdc:36]
Resolution: If [get_<value>] was used to populate the object, check to make sure this command returns at least one valid object.
WARNING: [Vivado 12-584] No ports matched 'LED[4]'. [C:/Users/803-113/Downloads/实验1 vivado设计流程/实验1 vivado设计流程/Nexys4DDR_Master.xdc:37]
CRITICAL WARNING: [Common 17-55] 'set_property' expects at least one object. [C:/Users/803-113/Downloads/实验1 vivado设计流程/实验1 vivado设计流程/Nexys4DDR_Master.xdc:37]
Resolution: If [get_<value>] was used to populate the object, check to make sure this command returns at least one valid object.
WARNING: [Vivado 12-584] No ports matched 'LED[5]'. [C:/Users/803-113/Downloads/实验1 vivado设计流程/实验1 vivado设计流程/Nexys4DDR_Master.xdc:38]
CRITICAL WARNING: [Common 17-55] 'set_property' expects at least one object. [C:/Users/803-113/Downloads/实验1 vivado设计流程/实验1 vivado设计流程/Nexys4DDR_Master.xdc:38]
Resolution: If [get_<value>] was used to populate the object, check to make sure this command returns at least one valid object.
WARNING: [Vivado 12-584] No ports matched 'LED[6]'. [C:/Users/803-113/Downloads/实验1 vivado设计流程/实验1 vivado设计流程/Nexys4DDR_Master.xdc:39]
CRITICAL WARNING: [Common 17-55] 'set_property' expects at least one object. [C:/Users/803-113/Downloads/实验1 vivado设计流程/实验1 vivado设计流程/Nexys4DDR_Master.xdc:39]
Resolution: If [get_<value>] was used to populate the object, check to make sure this command returns at least one valid object.
WARNING: [Vivado 12-584] No ports matched 'LED[7]'. [C:/Users/803-113/Downloads/实验1 vivado设计流程/实验1 vivado设计流程/Nexys4DDR_Master.xdc:40]
CRITICAL WARNING: [Common 17-55] 'set_property' expects at least one object. [C:/Users/803-113/Downloads/实验1 vivado设计流程/实验1 vivado设计流程/Nexys4DDR_Master.xdc:40]
Resolution: If [get_<value>] was used to populate the object, check to make sure this command returns at least one valid object.
WARNING: [Vivado 12-584] No ports matched 'LED[8]'. [C:/Users/803-113/Downloads/实验1 vivado设计流程/实验1 vivado设计流程/Nexys4DDR_Master.xdc:41]
CRITICAL WARNING: [Common 17-55] 'set_property' expects at least one object. [C:/Users/803-113/Downloads/实验1 vivado设计流程/实验1 vivado设计流程/Nexys4DDR_Master.xdc:41]
Resolution: If [get_<value>] was used to populate the object, check to make sure this command returns at least one valid object.
WARNING: [Vivado 12-584] No ports matched 'LED[9]'. [C:/Users/803-113/Downloads/实验1 vivado设计流程/实验1 vivado设计流程/Nexys4DDR_Master.xdc:42]
CRITICAL WARNING: [Common 17-55] 'set_property' expects at least one object. [C:/Users/803-113/Downloads/实验1 vivado设计流程/实验1 vivado设计流程/Nexys4DDR_Master.xdc:42]
Resolution: If [get_<value>] was used to populate the object, check to make sure this command returns at least one valid object.
WARNING: [Vivado 12-584] No ports matched 'LED[10]'. [C:/Users/803-113/Downloads/实验1 vivado设计流程/实验1 vivado设计流程/Nexys4DDR_Master.xdc:43]
CRITICAL WARNING: [Common 17-55] 'set_property' expects at least one object. [C:/Users/803-113/Downloads/实验1 vivado设计流程/实验1 vivado设计流程/Nexys4DDR_Master.xdc:43]
Resolution: If [get_<value>] was used to populate the object, check to make sure this command returns at least one valid object.
WARNING: [Vivado 12-584] No ports matched 'LED[11]'. [C:/Users/803-113/Downloads/实验1 vivado设计流程/实验1 vivado设计流程/Nexys4DDR_Master.xdc:44]
CRITICAL WARNING: [Common 17-55] 'set_property' expects at least one object. [C:/Users/803-113/Downloads/实验1 vivado设计流程/实验1 vivado设计流程/Nexys4DDR_Master.xdc:44]
Resolution: If [get_<value>] was used to populate the object, check to make sure this command returns at least one valid object.
WARNING: [Vivado 12-584] No ports matched 'LED[12]'. [C:/Users/803-113/Downloads/实验1 vivado设计流程/实验1 vivado设计流程/Nexys4DDR_Master.xdc:45]
CRITICAL WARNING: [Common 17-55] 'set_property' expects at least one object. [C:/Users/803-113/Downloads/实验1 vivado设计流程/实验1 vivado设计流程/Nexys4DDR_Master.xdc:45]
Resolution: If [get_<value>] was used to populate the object, check to make sure this command returns at least one valid object.
WARNING: [Vivado 12-584] No ports matched 'LED[13]'. [C:/Users/803-113/Downloads/实验1 vivado设计流程/实验1 vivado设计流程/Nexys4DDR_Master.xdc:46]
CRITICAL WARNING: [Common 17-55] 'set_property' expects at least one object. [C:/Users/803-113/Downloads/实验1 vivado设计流程/实验1 vivado设计流程/Nexys4DDR_Master.xdc:46]
Resolution: If [get_<value>] was used to populate the object, check to make sure this command returns at least one valid object.
WARNING: [Vivado 12-584] No ports matched 'LED[14]'. [C:/Users/803-113/Downloads/实验1 vivado设计流程/实验1 vivado设计流程/Nexys4DDR_Master.xdc:47]
CRITICAL WARNING: [Common 17-55] 'set_property' expects at least one object. [C:/Users/803-113/Downloads/实验1 vivado设计流程/实验1 vivado设计流程/Nexys4DDR_Master.xdc:47]
Resolution: If [get_<value>] was used to populate the object, check to make sure this command returns at least one valid object.
WARNING: [Vivado 12-584] No ports matched 'LED[15]'. [C:/Users/803-113/Downloads/实验1 vivado设计流程/实验1 vivado设计流程/Nexys4DDR_Master.xdc:48]
CRITICAL WARNING: [Common 17-55] 'set_property' expects at least one object. [C:/Users/803-113/Downloads/实验1 vivado设计流程/实验1 vivado设计流程/Nexys4DDR_Master.xdc:48]
Resolution: If [get_<value>] was used to populate the object, check to make sure this command returns at least one valid object.
Finished Parsing XDC File [C:/Users/803-113/Downloads/实验1 vivado设计流程/实验1 vivado设计流程/Nexys4DDR_Master.xdc]
INFO: [Project 1-236] Implementation specific constraints were found while reading constraint file [C:/Users/803-113/Downloads/实验1 vivado设计流程/实验1 vivado设计流程/Nexys4DDR_Master.xdc]. These constraints will be ignored for synthesis but will be used in implementation. Impacted constraints are listed in the file [.Xil/dynamic_scan_propImpl.xdc].
Resolution: To avoid this warning, move constraints listed in [.Xil/dynamic_scan_propImpl.xdc] to another XDC file and exclude this new file from synthesis with the used_in_synthesis property (File Properties dialog in GUI) and re-run elaboration/synthesis.
Completed Processing XDC Constraints

Netlist sorting complete. Time (s): cpu = 00:00:00 ; elapsed = 00:00:00 . Memory (MB): peak = 1064.293 ; gain = 0.000
INFO: [Project 1-111] Unisim Transformation Summary:
No Unisim elements were transformed.

Constraint Validation Runtime : Time (s): cpu = 00:00:00 ; elapsed = 00:00:00.002 . Memory (MB): peak = 1064.293 ; gain = 0.000
---------------------------------------------------------------------------------
Finished Constraint Validation : Time (s): cpu = 00:00:09 ; elapsed = 00:00:10 . Memory (MB): peak = 1064.293 ; gain = 368.211
---------------------------------------------------------------------------------
---------------------------------------------------------------------------------
Start Loading Part and Timing Information
---------------------------------------------------------------------------------
Loading part: xc7a100tcsg324-1
---------------------------------------------------------------------------------
Finished Loading Part and Timing Information : Time (s): cpu = 00:00:09 ; elapsed = 00:00:10 . Memory (MB): peak = 1064.293 ; gain = 368.211
---------------------------------------------------------------------------------
---------------------------------------------------------------------------------
Start Applying 'set_property' XDC Constraints
---------------------------------------------------------------------------------
---------------------------------------------------------------------------------
Finished applying 'set_property' XDC Constraints : Time (s): cpu = 00:00:09 ; elapsed = 00:00:10 . Memory (MB): peak = 1064.293 ; gain = 368.211
---------------------------------------------------------------------------------
INFO: [Synth 8-5544] ROM "mem" won't be mapped to Block RAM because address size (3) smaller than threshold (5)
---------------------------------------------------------------------------------
Finished RTL Optimization Phase 2 : Time (s): cpu = 00:00:09 ; elapsed = 00:00:10 . Memory (MB): peak = 1064.293 ; gain = 368.211
---------------------------------------------------------------------------------

Report RTL Partitions: 
+-+--------------+------------+----------+
| |RTL Partition |Replication |Instances |
+-+--------------+------------+----------+
+-+--------------+------------+----------+
---------------------------------------------------------------------------------
Start RTL Component Statistics 
---------------------------------------------------------------------------------
Detailed RTL Component Info : 
+---Adders : 
	   2 Input      3 Bit       Adders := 1     
+---Registers : 
	                3 Bit    Registers := 1     
	                1 Bit    Registers := 1     
+---Muxes : 
	   8 Input      8 Bit        Muxes := 1     
	   9 Input      4 Bit        Muxes := 1     
---------------------------------------------------------------------------------
Finished RTL Component Statistics 
---------------------------------------------------------------------------------
---------------------------------------------------------------------------------
Start RTL Hierarchical Component Statistics 
---------------------------------------------------------------------------------
Hierarchical RTL Component report 
Module divider 
Detailed RTL Component Info : 
+---Registers : 
	                1 Bit    Registers := 1     
Module counter 
Detailed RTL Component Info : 
+---Adders : 
	   2 Input      3 Bit       Adders := 1     
+---Registers : 
	                3 Bit    Registers := 1     
Module decoder 
Detailed RTL Component Info : 
+---Muxes : 
	   8 Input      8 Bit        Muxes := 1     
Module rom 
Detailed RTL Component Info : 
+---Muxes : 
	   9 Input      4 Bit        Muxes := 1     
---------------------------------------------------------------------------------
Finished RTL Hierarchical Component Statistics
---------------------------------------------------------------------------------
---------------------------------------------------------------------------------
Start Part Resource Summary
---------------------------------------------------------------------------------
Part Resources:
DSPs: 240 (col length:80)
BRAMs: 270 (col length: RAMB18 80 RAMB36 40)
---------------------------------------------------------------------------------
Finished Part Resource Summary
---------------------------------------------------------------------------------
---------------------------------------------------------------------------------
Start Cross Boundary and Area Optimization
---------------------------------------------------------------------------------
Warning: Parallel synthesis criteria is not met 
---------------------------------------------------------------------------------
Finished Cross Boundary and Area Optimization : Time (s): cpu = 00:00:10 ; elapsed = 00:00:11 . Memory (MB): peak = 1064.293 ; gain = 368.211
---------------------------------------------------------------------------------

Report RTL Partitions: 
+-+--------------+------------+----------+
| |RTL Partition |Replication |Instances |
+-+--------------+------------+----------+
+-+--------------+------------+----------+
---------------------------------------------------------------------------------
Start Applying XDC Timing Constraints
---------------------------------------------------------------------------------
---------------------------------------------------------------------------------
Finished Applying XDC Timing Constraints : Time (s): cpu = 00:00:16 ; elapsed = 00:00:17 . Memory (MB): peak = 1077.020 ; gain = 380.938
---------------------------------------------------------------------------------
---------------------------------------------------------------------------------
Start Timing Optimization
---------------------------------------------------------------------------------
---------------------------------------------------------------------------------
Finished Timing Optimization : Time (s): cpu = 00:00:16 ; elapsed = 00:00:17 . Memory (MB): peak = 1077.094 ; gain = 381.012
---------------------------------------------------------------------------------

Report RTL Partitions: 
+-+--------------+------------+----------+
| |RTL Partition |Replication |Instances |
+-+--------------+------------+----------+
+-+--------------+------------+----------+
---------------------------------------------------------------------------------
Start Technology Mapping
---------------------------------------------------------------------------------
---------------------------------------------------------------------------------
Finished Technology Mapping : Time (s): cpu = 00:00:16 ; elapsed = 00:00:17 . Memory (MB): peak = 1087.395 ; gain = 391.312
---------------------------------------------------------------------------------

Report RTL Partitions: 
+-+--------------+------------+----------+
| |RTL Partition |Replication |Instances |
+-+--------------+------------+----------+
+-+--------------+------------+----------+
---------------------------------------------------------------------------------
Start IO Insertion
---------------------------------------------------------------------------------
---------------------------------------------------------------------------------
Start Flattening Before IO Insertion
---------------------------------------------------------------------------------
---------------------------------------------------------------------------------
Finished Flattening Before IO Insertion
---------------------------------------------------------------------------------
---------------------------------------------------------------------------------
Start Final Netlist Cleanup
---------------------------------------------------------------------------------
---------------------------------------------------------------------------------
Finished Final Netlist Cleanup
---------------------------------------------------------------------------------
---------------------------------------------------------------------------------
Finished IO Insertion : Time (s): cpu = 00:00:20 ; elapsed = 00:00:20 . Memory (MB): peak = 1103.238 ; gain = 407.156
---------------------------------------------------------------------------------
---------------------------------------------------------------------------------
Start Renaming Generated Instances
---------------------------------------------------------------------------------
---------------------------------------------------------------------------------
Finished Renaming Generated Instances : Time (s): cpu = 00:00:20 ; elapsed = 00:00:20 . Memory (MB): peak = 1103.238 ; gain = 407.156
---------------------------------------------------------------------------------

Report RTL Partitions: 
+-+--------------+------------+----------+
| |RTL Partition |Replication |Instances |
+-+--------------+------------+----------+
+-+--------------+------------+----------+

Report Check Netlist: 
+------+------------------+-------+---------+-------+------------------+
|      |Item              |Errors |Warnings |Status |Description       |
+------+------------------+-------+---------+-------+------------------+
|1     |multi_driven_nets |      0|        0|Passed |Multi driven nets |
+------+------------------+-------+---------+-------+------------------+
---------------------------------------------------------------------------------
Start Rebuilding User Hierarchy
---------------------------------------------------------------------------------
---------------------------------------------------------------------------------
Finished Rebuilding User Hierarchy : Time (s): cpu = 00:00:20 ; elapsed = 00:00:20 . Memory (MB): peak = 1103.238 ; gain = 407.156
---------------------------------------------------------------------------------
---------------------------------------------------------------------------------
Start Renaming Generated Ports
---------------------------------------------------------------------------------
---------------------------------------------------------------------------------
Finished Renaming Generated Ports : Time (s): cpu = 00:00:20 ; elapsed = 00:00:20 . Memory (MB): peak = 1103.238 ; gain = 407.156
---------------------------------------------------------------------------------
---------------------------------------------------------------------------------
Start Handling Custom Attributes
---------------------------------------------------------------------------------
---------------------------------------------------------------------------------
Finished Handling Custom Attributes : Time (s): cpu = 00:00:20 ; elapsed = 00:00:20 . Memory (MB): peak = 1103.238 ; gain = 407.156
---------------------------------------------------------------------------------
---------------------------------------------------------------------------------
Start Renaming Generated Nets
---------------------------------------------------------------------------------
---------------------------------------------------------------------------------
Finished Renaming Generated Nets : Time (s): cpu = 00:00:20 ; elapsed = 00:00:20 . Memory (MB): peak = 1103.238 ; gain = 407.156
---------------------------------------------------------------------------------
---------------------------------------------------------------------------------
Start Writing Synthesis Report
---------------------------------------------------------------------------------

Report BlackBoxes: 
+-+--------------+----------+
| |BlackBox name |Instances |
+-+--------------+----------+
+-+--------------+----------+

Report Cell Usage: 
+------+-------+------+
|      |Cell   |Count |
+------+-------+------+
|1     |BUFG   |     1|
|2     |CARRY4 |     8|
|3     |LUT1   |     2|
|4     |LUT2   |     2|
|5     |LUT3   |    17|
|6     |LUT4   |     3|
|7     |LUT5   |     1|
|8     |LUT6   |     3|
|9     |FDRE   |    36|
|10    |IBUF   |     1|
|11    |OBUF   |    16|
+------+-------+------+

Report Instance Areas: 
+------+-----------------+--------+------+
|      |Instance         |Module  |Cells |
+------+-----------------+--------+------+
|1     |top              |        |    90|
|2     |  nolabel_line10 |divider |    52|
|3     |  nolabel_line11 |counter |    10|
|4     |  nolabel_line12 |decoder |     6|
|5     |  nolabel_line14 |pattern |     4|
+------+-----------------+--------+------+
---------------------------------------------------------------------------------
Finished Writing Synthesis Report : Time (s): cpu = 00:00:20 ; elapsed = 00:00:20 . Memory (MB): peak = 1103.238 ; gain = 407.156
---------------------------------------------------------------------------------
Synthesis finished with 0 errors, 0 critical warnings and 0 warnings.
Synthesis Optimization Runtime : Time (s): cpu = 00:00:14 ; elapsed = 00:00:19 . Memory (MB): peak = 1103.238 ; gain = 346.012
Synthesis Optimization Complete : Time (s): cpu = 00:00:20 ; elapsed = 00:00:20 . Memory (MB): peak = 1103.238 ; gain = 407.156
INFO: [Project 1-571] Translating synthesized netlist
Netlist sorting complete. Time (s): cpu = 00:00:00 ; elapsed = 00:00:00.001 . Memory (MB): peak = 1113.766 ; gain = 0.000
INFO: [Netlist 29-17] Analyzing 8 Unisim elements for replacement
INFO: [Netlist 29-28] Unisim Transformation completed in 0 CPU seconds
INFO: [Project 1-570] Preparing netlist for logic optimization
INFO: [Opt 31-138] Pushed 0 inverter(s) to 0 load pin(s).
Netlist sorting complete. Time (s): cpu = 00:00:00 ; elapsed = 00:00:00 . Memory (MB): peak = 1121.988 ; gain = 0.000
INFO: [Project 1-111] Unisim Transformation Summary:
No Unisim elements were transformed.

INFO: [Common 17-83] Releasing license: Synthesis
25 Infos, 32 Warnings, 32 Critical Warnings and 0 Errors encountered.
synth_design completed successfully
synth_design: Time (s): cpu = 00:00:25 ; elapsed = 00:00:25 . Memory (MB): peak = 1121.988 ; gain = 734.082
Netlist sorting complete. Time (s): cpu = 00:00:00 ; elapsed = 00:00:00 . Memory (MB): peak = 1121.988 ; gain = 0.000
WARNING: [Constraints 18-5210] No constraints selected for write.
Resolution: This message can indicate that there are no constraints for the design, or it can indicate that the used_in flags are set such that the constraints are ignored. This later case is used when running synth_design to not write synthesis constraints to the resulting checkpoint. Instead, project constraints are read when the synthesized design is opened.
INFO: [Common 17-1381] The checkpoint 'C:/Users/803-113/Downloads/Task3/Task3.runs/synth_1/dynamic_scan.dcp' has been generated.
INFO: [runtcl-4] Executing : report_utilization -file dynamic_scan_utilization_synth.rpt -pb dynamic_scan_utilization_synth.pb
INFO: [Common 17-206] Exiting Vivado at Fri Mar 24 21:00:26 2023...
